\BOOKMARK [0][-]{chapter.1}{\376\377\0001\000\040\000T\000r\000a\000b\000a\000l\000h\000o\000\040\000P\000r\000\341\000t\000i\000c\000o}{}% 1
\BOOKMARK [1][-]{section.1.1}{\376\377\0001\000.\0001\000\040\000G\000r\000u\000p\000o\000\040\0003\0000}{chapter.1}% 2
\BOOKMARK [1][-]{section.1.2}{\376\377\0001\000.\0002\000\040\000O\000r\000g\000a\000n\000i\000z\000a\000\347\000\343\000o}{chapter.1}% 3
\BOOKMARK [1][-]{section.1.3}{\376\377\0001\000.\0003\000\040\000R\000e\000l\000a\000t\000\363\000r\000i\000o\000s\000\040\000e\000\040\000C\000\363\000d\000i\000g\000o}{chapter.1}% 4
\BOOKMARK [1][-]{section.1.4}{\376\377\0001\000.\0004\000\040\000D\000e\000s\000c\000r\000i\000\347\000\343\000o\000\040\000d\000o\000\040\000P\000r\000o\000j\000e\000t\000o}{chapter.1}% 5
\BOOKMARK [1][-]{section.1.5}{\376\377\0001\000.\0005\000\040\000E\000s\000t\000r\000a\000t\000\351\000g\000i\000a\000\040\000d\000e\000\040\000D\000e\000s\000e\000n\000v\000o\000l\000v\000i\000m\000e\000n\000t\000o}{chapter.1}% 6
\BOOKMARK [1][-]{section.1.6}{\376\377\0001\000.\0006\000\040\000D\000e\000c\000i\000s\000\365\000e\000s\000\040\000C\000o\000l\000e\000t\000i\000v\000a\000s}{chapter.1}% 7
\BOOKMARK [1][-]{section.1.7}{\376\377\0001\000.\0007\000\040\000C\000o\000m\000p\000i\000l\000a\000\347\000\343\000o\000\040\000e\000\040\000E\000x\000e\000c\000u\000\347\000\343\000o\000:}{chapter.1}% 8
\BOOKMARK [1][-]{section.1.8}{\376\377\0001\000.\0008\000\040\000C\000o\000m\000a\000n\000d\000o\000\040\000c\000o\000m\000\040\000S\000i\000n\000t\000a\000x\000e\000\040\000d\000e\000\040\000U\000t\000i\000l\000i\000z\000a\000\347\000\343\000o\000:}{chapter.1}% 9
\BOOKMARK [1][-]{section.1.9}{\376\377\0001\000.\0009\000\040\000C\000o\000n\000c\000l\000u\000s\000\343\000o}{chapter.1}% 10
\BOOKMARK [0][-]{chapter.2}{\376\377\0002\000\040\000D\000a\000t\000a\000\040\000S\000t\000r\000u\000c\000t\000u\000r\000e\000\040\000I\000n\000d\000e\000x}{}% 11
\BOOKMARK [1][-]{section.2.1}{\376\377\0002\000.\0001\000\040\000D\000a\000t\000a\000\040\000S\000t\000r\000u\000c\000t\000u\000r\000e\000s}{chapter.2}% 12
\BOOKMARK [0][-]{chapter.3}{\376\377\0003\000\040\000F\000i\000l\000e\000\040\000I\000n\000d\000e\000x}{}% 13
\BOOKMARK [1][-]{section.3.1}{\376\377\0003\000.\0001\000\040\000F\000i\000l\000e\000\040\000L\000i\000s\000t}{chapter.3}% 14
\BOOKMARK [0][-]{chapter.4}{\376\377\0004\000\040\000D\000a\000t\000a\000\040\000S\000t\000r\000u\000c\000t\000u\000r\000e\000\040\000D\000o\000c\000u\000m\000e\000n\000t\000a\000t\000i\000o\000n}{}% 15
\BOOKMARK [1][-]{section.4.1}{\376\377\0004\000.\0001\000\040\000D\000a\000d\000o\000s\000\040\000S\000t\000r\000u\000c\000t\000\040\000R\000e\000f\000e\000r\000e\000n\000c\000e}{chapter.4}% 16
\BOOKMARK [2][-]{subsection.4.1.1}{\376\377\0004\000.\0001\000.\0001\000\040\000D\000e\000t\000a\000i\000l\000e\000d\000\040\000D\000e\000s\000c\000r\000i\000p\000t\000i\000o\000n}{section.4.1}% 17
\BOOKMARK [2][-]{subsection.4.1.2}{\376\377\0004\000.\0001\000.\0002\000\040\000F\000i\000e\000l\000d\000\040\000D\000o\000c\000u\000m\000e\000n\000t\000a\000t\000i\000o\000n}{section.4.1}% 18
\BOOKMARK [3][-]{subsubsection.4.1.2.1}{\376\377\0004\000.\0001\000.\0002\000.\0001\000\040\000n\000\137\000c\000l\000i\000e\000n\000t\000e}{subsection.4.1.2}% 19
\BOOKMARK [3][-]{subsubsection.4.1.2.2}{\376\377\0004\000.\0001\000.\0002\000.\0002\000\040\000n\000o\000m\000e\000\137\000c\000l\000i\000e\000n\000t\000e}{subsection.4.1.2}% 20
\BOOKMARK [3][-]{subsubsection.4.1.2.3}{\376\377\0004\000.\0001\000.\0002\000.\0003\000\040\000n\000u\000m\000\137\000t\000e\000l\000e\000f\000o\000n\000e}{subsection.4.1.2}% 21
\BOOKMARK [1][-]{section.4.2}{\376\377\0004\000.\0002\000\040\000D\000i\000e\000t\000a\000\040\000S\000t\000r\000u\000c\000t\000\040\000R\000e\000f\000e\000r\000e\000n\000c\000e}{chapter.4}% 22
\BOOKMARK [2][-]{subsection.4.2.1}{\376\377\0004\000.\0002\000.\0001\000\040\000D\000e\000t\000a\000i\000l\000e\000d\000\040\000D\000e\000s\000c\000r\000i\000p\000t\000i\000o\000n}{section.4.2}% 23
\BOOKMARK [2][-]{subsection.4.2.2}{\376\377\0004\000.\0002\000.\0002\000\040\000F\000i\000e\000l\000d\000\040\000D\000o\000c\000u\000m\000e\000n\000t\000a\000t\000i\000o\000n}{section.4.2}% 24
\BOOKMARK [3][-]{subsubsection.4.2.2.1}{\376\377\0004\000.\0002\000.\0002\000.\0001\000\040\000a\000l\000i\000m\000e\000n\000t\000o}{subsection.4.2.2}% 25
\BOOKMARK [3][-]{subsubsection.4.2.2.2}{\376\377\0004\000.\0002\000.\0002\000.\0002\000\040\000a\000n\000o}{subsection.4.2.2}% 26
\BOOKMARK [3][-]{subsubsection.4.2.2.3}{\376\377\0004\000.\0002\000.\0002\000.\0003\000\040\000c\000a\000l\000o\000r\000i\000a\000s}{subsection.4.2.2}% 27
\BOOKMARK [3][-]{subsubsection.4.2.2.4}{\376\377\0004\000.\0002\000.\0002\000.\0004\000\040\000d\000i\000a}{subsection.4.2.2}% 28
\BOOKMARK [3][-]{subsubsection.4.2.2.5}{\376\377\0004\000.\0002\000.\0002\000.\0005\000\040\000m\000e\000s}{subsection.4.2.2}% 29
\BOOKMARK [3][-]{subsubsection.4.2.2.6}{\376\377\0004\000.\0002\000.\0002\000.\0006\000\040\000n\000\137\000c\000l\000i\000e\000n\000t\000e}{subsection.4.2.2}% 30
\BOOKMARK [3][-]{subsubsection.4.2.2.7}{\376\377\0004\000.\0002\000.\0002\000.\0007\000\040\000r\000e\000f\000e\000i\000c\000a\000o}{subsection.4.2.2}% 31
\BOOKMARK [1][-]{section.4.3}{\376\377\0004\000.\0003\000\040\000P\000l\000a\000n\000o\000\040\000S\000t\000r\000u\000c\000t\000\040\000R\000e\000f\000e\000r\000e\000n\000c\000e}{chapter.4}% 32
\BOOKMARK [2][-]{subsection.4.3.1}{\376\377\0004\000.\0003\000.\0001\000\040\000D\000e\000t\000a\000i\000l\000e\000d\000\040\000D\000e\000s\000c\000r\000i\000p\000t\000i\000o\000n}{section.4.3}% 33
\BOOKMARK [2][-]{subsection.4.3.2}{\376\377\0004\000.\0003\000.\0002\000\040\000F\000i\000e\000l\000d\000\040\000D\000o\000c\000u\000m\000e\000n\000t\000a\000t\000i\000o\000n}{section.4.3}% 34
\BOOKMARK [3][-]{subsubsection.4.3.2.1}{\376\377\0004\000.\0003\000.\0002\000.\0001\000\040\000a\000n\000o}{subsection.4.3.2}% 35
\BOOKMARK [3][-]{subsubsection.4.3.2.2}{\376\377\0004\000.\0003\000.\0002\000.\0002\000\040\000c\000a\000l\000o\000r\000i\000a\000s\000\137\000m\000a\000x}{subsection.4.3.2}% 36
\BOOKMARK [3][-]{subsubsection.4.3.2.3}{\376\377\0004\000.\0003\000.\0002\000.\0003\000\040\000c\000a\000l\000o\000r\000i\000a\000s\000\137\000m\000i\000n}{subsection.4.3.2}% 37
\BOOKMARK [3][-]{subsubsection.4.3.2.4}{\376\377\0004\000.\0003\000.\0002\000.\0004\000\040\000d\000i\000a}{subsection.4.3.2}% 38
\BOOKMARK [3][-]{subsubsection.4.3.2.5}{\376\377\0004\000.\0003\000.\0002\000.\0005\000\040\000m\000e\000s}{subsection.4.3.2}% 39
\BOOKMARK [3][-]{subsubsection.4.3.2.6}{\376\377\0004\000.\0003\000.\0002\000.\0006\000\040\000n\000\137\000c\000l\000i\000e\000n\000t\000e}{subsection.4.3.2}% 40
\BOOKMARK [3][-]{subsubsection.4.3.2.7}{\376\377\0004\000.\0003\000.\0002\000.\0007\000\040\000r\000e\000f\000e\000i\000c\000a\000o}{subsection.4.3.2}% 41
\BOOKMARK [0][-]{chapter.5}{\376\377\0005\000\040\000F\000i\000l\000e\000\040\000D\000o\000c\000u\000m\000e\000n\000t\000a\000t\000i\000o\000n}{}% 42
\BOOKMARK [1][-]{section.5.1}{\376\377\0005\000.\0001\000\040\000/\000h\000o\000m\000e\000/\000h\000u\000g\000o\000c\000/\000d\000-\0003\0000\000-\0001\000/\000s\000r\000c\000/\000c\000s\000v\000.\000c\000\040\000F\000i\000l\000e\000\040\000R\000e\000f\000e\000r\000e\000n\000c\000e}{chapter.5}% 43
\BOOKMARK [2][-]{subsection.5.1.1}{\376\377\0005\000.\0001\000.\0001\000\040\000F\000u\000n\000c\000t\000i\000o\000n\000\040\000D\000o\000c\000u\000m\000e\000n\000t\000a\000t\000i\000o\000n}{section.5.1}% 44
\BOOKMARK [3][-]{subsubsection.5.1.1.1}{\376\377\0005\000.\0001\000.\0001\000.\0001\000\040\000c\000a\000l\000c\000m\000e\000d\000i\000a\000\137\000c\000s\000v\000\050\000\051}{subsection.5.1.1}% 45
\BOOKMARK [3][-]{subsubsection.5.1.1.2}{\376\377\0005\000.\0001\000.\0001\000.\0002\000\040\000f\000i\000c\000h\000e\000i\000r\000o\000\137\000c\000s\000v\000\137\0001\000\050\000\051}{subsection.5.1.1}% 46
\BOOKMARK [3][-]{subsubsection.5.1.1.3}{\376\377\0005\000.\0001\000.\0001\000.\0003\000\040\000f\000i\000c\000h\000e\000i\000r\000o\000\137\000c\000s\000v\000\137\0002\000\050\000\051}{subsection.5.1.1}% 47
\BOOKMARK [3][-]{subsubsection.5.1.1.4}{\376\377\0005\000.\0001\000.\0001\000.\0004\000\040\000f\000i\000c\000h\000e\000i\000r\000o\000\137\000c\000s\000v\000\137\0003\000\050\000\051}{subsection.5.1.1}% 48
\BOOKMARK [3][-]{subsubsection.5.1.1.5}{\376\377\0005\000.\0001\000.\0001\000.\0005\000\040\000l\000i\000s\000t\000a\000r\000\137\000p\000l\000a\000n\000o\000\137\000c\000s\000v\000\050\000\051}{subsection.5.1.1}% 49
\BOOKMARK [3][-]{subsubsection.5.1.1.6}{\376\377\0005\000.\0001\000.\0001\000.\0006\000\040\000t\000a\000b\000e\000l\000a\000\137\000c\000s\000v\000\050\000\051}{subsection.5.1.1}% 50
\BOOKMARK [1][-]{section.5.2}{\376\377\0005\000.\0002\000\040\000/\000h\000o\000m\000e\000/\000h\000u\000g\000o\000c\000/\000d\000-\0003\0000\000-\0001\000/\000s\000r\000c\000/\000c\000s\000v\000.\000h\000\040\000F\000i\000l\000e\000\040\000R\000e\000f\000e\000r\000e\000n\000c\000e}{chapter.5}% 51
\BOOKMARK [2][-]{subsection.5.2.1}{\376\377\0005\000.\0002\000.\0001\000\040\000F\000u\000n\000c\000t\000i\000o\000n\000\040\000D\000o\000c\000u\000m\000e\000n\000t\000a\000t\000i\000o\000n}{section.5.2}% 52
\BOOKMARK [3][-]{subsubsection.5.2.1.1}{\376\377\0005\000.\0002\000.\0001\000.\0001\000\040\000c\000a\000l\000c\000m\000e\000d\000i\000a\000\137\000c\000s\000v\000\050\000\051}{subsection.5.2.1}% 53
\BOOKMARK [3][-]{subsubsection.5.2.1.2}{\376\377\0005\000.\0002\000.\0001\000.\0002\000\040\000f\000i\000c\000h\000e\000i\000r\000o\000\137\000c\000s\000v\000\137\0001\000\050\000\051}{subsection.5.2.1}% 54
\BOOKMARK [3][-]{subsubsection.5.2.1.3}{\376\377\0005\000.\0002\000.\0001\000.\0003\000\040\000f\000i\000c\000h\000e\000i\000r\000o\000\137\000c\000s\000v\000\137\0002\000\050\000\051}{subsection.5.2.1}% 55
\BOOKMARK [3][-]{subsubsection.5.2.1.4}{\376\377\0005\000.\0002\000.\0001\000.\0004\000\040\000f\000i\000c\000h\000e\000i\000r\000o\000\137\000c\000s\000v\000\137\0003\000\050\000\051}{subsection.5.2.1}% 56
\BOOKMARK [3][-]{subsubsection.5.2.1.5}{\376\377\0005\000.\0002\000.\0001\000.\0005\000\040\000l\000i\000s\000t\000a\000r\000\137\000p\000l\000a\000n\000o\000\137\000c\000s\000v\000\050\000\051}{subsection.5.2.1}% 57
\BOOKMARK [3][-]{subsubsection.5.2.1.6}{\376\377\0005\000.\0002\000.\0001\000.\0006\000\040\000t\000a\000b\000e\000l\000a\000\137\000c\000s\000v\000\050\000\051}{subsection.5.2.1}% 58
\BOOKMARK [1][-]{section.5.3}{\376\377\0005\000.\0003\000\040\000/\000h\000o\000m\000e\000/\000h\000u\000g\000o\000c\000/\000d\000-\0003\0000\000-\0001\000/\000s\000r\000c\000/\000m\000a\000i\000n\000.\000c\000\040\000F\000i\000l\000e\000\040\000R\000e\000f\000e\000r\000e\000n\000c\000e}{chapter.5}% 59
\BOOKMARK [2][-]{subsection.5.3.1}{\376\377\0005\000.\0003\000.\0001\000\040\000D\000e\000t\000a\000i\000l\000e\000d\000\040\000D\000e\000s\000c\000r\000i\000p\000t\000i\000o\000n}{section.5.3}% 60
\BOOKMARK [2][-]{subsection.5.3.2}{\376\377\0005\000.\0003\000.\0002\000\040\000F\000u\000n\000c\000t\000i\000o\000n\000\040\000D\000o\000c\000u\000m\000e\000n\000t\000a\000t\000i\000o\000n}{section.5.3}% 61
\BOOKMARK [3][-]{subsubsection.5.3.2.1}{\376\377\0005\000.\0003\000.\0002\000.\0001\000\040\000c\000o\000n\000t\000a\000d\000o\000r\000\137\000c\000a\000l\000o\000r\000i\000a\000s\000\050\000\051}{subsection.5.3.2}% 62
\BOOKMARK [3][-]{subsubsection.5.3.2.2}{\376\377\0005\000.\0003\000.\0002\000.\0002\000\040\000l\000i\000s\000t\000a\000g\000e\000m\000\050\000\051}{subsection.5.3.2}% 63
\BOOKMARK [3][-]{subsubsection.5.3.2.3}{\376\377\0005\000.\0003\000.\0002\000.\0003\000\040\000m\000a\000i\000n\000\050\000\051}{subsection.5.3.2}% 64
\BOOKMARK [3][-]{subsubsection.5.3.2.4}{\376\377\0005\000.\0003\000.\0002\000.\0004\000\040\000p\000e\000r\000i\000o\000d\000o\000\050\000\051}{subsection.5.3.2}% 65
\BOOKMARK [1][-]{section.5.4}{\376\377\0005\000.\0004\000\040\000/\000h\000o\000m\000e\000/\000h\000u\000g\000o\000c\000/\000d\000-\0003\0000\000-\0001\000/\000s\000r\000c\000/\000s\000t\000r\000u\000c\000t\000.\000h\000\040\000F\000i\000l\000e\000\040\000R\000e\000f\000e\000r\000e\000n\000c\000e}{chapter.5}% 66
\BOOKMARK [1][-]{section.5.5}{\376\377\0005\000.\0005\000\040\000/\000h\000o\000m\000e\000/\000h\000u\000g\000o\000c\000/\000d\000-\0003\0000\000-\0001\000/\000s\000r\000c\000/\000t\000s\000v\000.\000c\000\040\000F\000i\000l\000e\000\040\000R\000e\000f\000e\000r\000e\000n\000c\000e}{chapter.5}% 67
\BOOKMARK [2][-]{subsection.5.5.1}{\376\377\0005\000.\0005\000.\0001\000\040\000F\000u\000n\000c\000t\000i\000o\000n\000\040\000D\000o\000c\000u\000m\000e\000n\000t\000a\000t\000i\000o\000n}{section.5.5}% 68
\BOOKMARK [3][-]{subsubsection.5.5.1.1}{\376\377\0005\000.\0005\000.\0001\000.\0001\000\040\000c\000a\000l\000c\000m\000e\000d\000i\000a\000\137\000t\000s\000v\000\050\000\051}{subsection.5.5.1}% 69
\BOOKMARK [3][-]{subsubsection.5.5.1.2}{\376\377\0005\000.\0005\000.\0001\000.\0002\000\040\000f\000i\000c\000h\000e\000i\000r\000o\000\137\000t\000s\000v\000\137\0001\000\050\000\051}{subsection.5.5.1}% 70
\BOOKMARK [3][-]{subsubsection.5.5.1.3}{\376\377\0005\000.\0005\000.\0001\000.\0003\000\040\000f\000i\000c\000h\000e\000i\000r\000o\000\137\000t\000s\000v\000\137\0002\000\050\000\051}{subsection.5.5.1}% 71
\BOOKMARK [3][-]{subsubsection.5.5.1.4}{\376\377\0005\000.\0005\000.\0001\000.\0004\000\040\000f\000i\000c\000h\000e\000i\000r\000o\000\137\000t\000s\000v\000\137\0003\000\050\000\051}{subsection.5.5.1}% 72
\BOOKMARK [3][-]{subsubsection.5.5.1.5}{\376\377\0005\000.\0005\000.\0001\000.\0005\000\040\000l\000i\000s\000t\000a\000r\000\137\000p\000l\000a\000n\000o\000\137\000t\000s\000v\000\050\000\051}{subsection.5.5.1}% 73
\BOOKMARK [3][-]{subsubsection.5.5.1.6}{\376\377\0005\000.\0005\000.\0001\000.\0006\000\040\000t\000a\000b\000e\000l\000a\000\137\000t\000s\000v\000\050\000\051}{subsection.5.5.1}% 74
\BOOKMARK [1][-]{section.5.6}{\376\377\0005\000.\0006\000\040\000/\000h\000o\000m\000e\000/\000h\000u\000g\000o\000c\000/\000d\000-\0003\0000\000-\0001\000/\000s\000r\000c\000/\000t\000s\000v\000.\000h\000\040\000F\000i\000l\000e\000\040\000R\000e\000f\000e\000r\000e\000n\000c\000e}{chapter.5}% 75
\BOOKMARK [2][-]{subsection.5.6.1}{\376\377\0005\000.\0006\000.\0001\000\040\000F\000u\000n\000c\000t\000i\000o\000n\000\040\000D\000o\000c\000u\000m\000e\000n\000t\000a\000t\000i\000o\000n}{section.5.6}% 76
\BOOKMARK [3][-]{subsubsection.5.6.1.1}{\376\377\0005\000.\0006\000.\0001\000.\0001\000\040\000c\000a\000l\000c\000m\000e\000d\000i\000a\000\137\000t\000s\000v\000\050\000\051}{subsection.5.6.1}% 77
\BOOKMARK [3][-]{subsubsection.5.6.1.2}{\376\377\0005\000.\0006\000.\0001\000.\0002\000\040\000f\000i\000c\000h\000e\000i\000r\000o\000\137\000t\000s\000v\000\137\0001\000\050\000\051}{subsection.5.6.1}% 78
\BOOKMARK [3][-]{subsubsection.5.6.1.3}{\376\377\0005\000.\0006\000.\0001\000.\0003\000\040\000f\000i\000c\000h\000e\000i\000r\000o\000\137\000t\000s\000v\000\137\0002\000\050\000\051}{subsection.5.6.1}% 79
\BOOKMARK [3][-]{subsubsection.5.6.1.4}{\376\377\0005\000.\0006\000.\0001\000.\0004\000\040\000f\000i\000c\000h\000e\000i\000r\000o\000\137\000t\000s\000v\000\137\0003\000\050\000\051}{subsection.5.6.1}% 80
\BOOKMARK [3][-]{subsubsection.5.6.1.5}{\376\377\0005\000.\0006\000.\0001\000.\0005\000\040\000l\000i\000s\000t\000a\000r\000\137\000p\000l\000a\000n\000o\000\137\000t\000s\000v\000\050\000\051}{subsection.5.6.1}% 81
\BOOKMARK [3][-]{subsubsection.5.6.1.6}{\376\377\0005\000.\0006\000.\0001\000.\0006\000\040\000t\000a\000b\000e\000l\000a\000\137\000t\000s\000v\000\050\000\051}{subsection.5.6.1}% 82
\BOOKMARK [0][-]{section*.19}{\376\377\000I\000n\000d\000e\000x}{}% 83
