This is pdfTeX, Version 3.14159265-2.6-1.40.20 (TeX Live 2019/Debian) (preloaded format=pdflatex 2023.12.18)  3 JAN 2024 22:45
entering extended mode
 restricted \write18 enabled.
 %&-line parsing enabled.
**d-30-doc.tex
(./d-30-doc.tex
LaTeX2e <2020-02-02> patch level 2
L3 programming layer <2020-02-14>
(/usr/share/texlive/texmf-dist/tex/latex/base/report.cls
Document Class: report 2019/12/20 v1.4l Standard LaTeX document class
(/usr/share/texlive/texmf-dist/tex/latex/base/size10.clo
File: size10.clo 2019/12/20 v1.4l Standard LaTeX file (size option)
)
\c@part=\count167
\c@chapter=\count168
\c@section=\count169
\c@subsection=\count170
\c@subsubsection=\count171
\c@paragraph=\count172
\c@subparagraph=\count173
\c@figure=\count174
\c@table=\count175
\abovecaptionskip=\skip47
\belowcaptionskip=\skip48
\bibindent=\dimen134
)
(/usr/share/texlive/texmf-dist/tex/latex/base/inputenc.sty
Package: inputenc 2018/08/11 v1.3c Input encoding file
\inpenc@prehook=\toks14
\inpenc@posthook=\toks15
)
(/usr/share/texlive/texmf-dist/tex/latex/base/fontenc.sty
Package: fontenc 2020/02/11 v2.0o Standard LaTeX package
)
(/usr/share/texlive/texmf-dist/tex/generic/babel/babel.sty
Package: babel 2020/02/14 3.40 The Babel package

(/usr/share/texlive/texmf-dist/tex/generic/babel/switch.def
File: switch.def 2020/02/14 3.40 Babel switching mechanism
)
(/usr/share/texlive/texmf-dist/tex/generic/babel-portuges/portuges.ldf
Language: portuges 2008/03/18 v1.2q Portuguese support from the babel system

(/usr/share/texlive/texmf-dist/tex/generic/babel/babel.def
File: babel.def 2020/02/14 3.40 Babel common definitions
\babel@savecnt=\count176
\U@D=\dimen135

(/usr/share/texlive/texmf-dist/tex/generic/babel/txtbabel.def)
\bbl@readstream=\read2
\bbl@dirlevel=\count177
)
Package babel Info: Making " an active character on input line 145.
))
(/usr/share/texlive/texmf-dist/tex/latex/url/url.sty
\Urlmuskip=\muskip16
Package: url 2013/09/16  ver 3.4  Verb mode for urls, etc.
)
(/usr/share/texlive/texmf-dist/tex/latex/graphics/graphicx.sty
Package: graphicx 2019/11/30 v1.2a Enhanced LaTeX Graphics (DPC,SPQR)

(/usr/share/texlive/texmf-dist/tex/latex/graphics/keyval.sty
Package: keyval 2014/10/28 v1.15 key=value parser (DPC)
\KV@toks@=\toks16
)
(/usr/share/texlive/texmf-dist/tex/latex/graphics/graphics.sty
Package: graphics 2019/11/30 v1.4a Standard LaTeX Graphics (DPC,SPQR)

(/usr/share/texlive/texmf-dist/tex/latex/graphics/trig.sty
Package: trig 2016/01/03 v1.10 sin cos tan (DPC)
)
(/usr/share/texlive/texmf-dist/tex/latex/graphics-cfg/graphics.cfg
File: graphics.cfg 2016/06/04 v1.11 sample graphics configuration
)
Package graphics Info: Driver file: pdftex.def on input line 105.

(/usr/share/texlive/texmf-dist/tex/latex/graphics-def/pdftex.def
File: pdftex.def 2018/01/08 v1.0l Graphics/color driver for pdftex
))
\Gin@req@height=\dimen136
\Gin@req@width=\dimen137
)
(/usr/share/texlive/texmf-dist/tex/latex/graphviz/graphviz.sty
Package: graphviz 2013/08/15 v0.94 .dtx graphviz file
)
(/usr/share/texlive/texmf-dist/tex/latex/hyperref/hyperref.sty
Package: hyperref 2020/01/14 v7.00d Hypertext links for LaTeX

(/usr/share/texlive/texmf-dist/tex/generic/ltxcmds/ltxcmds.sty
Package: ltxcmds 2019/12/15 v1.24 LaTeX kernel commands for general use (HO)
)
(/usr/share/texlive/texmf-dist/tex/generic/iftex/iftex.sty
Package: iftex 2019/11/07 v1.0c TeX engine tests
)
(/usr/share/texlive/texmf-dist/tex/latex/pdftexcmds/pdftexcmds.sty
Package: pdftexcmds 2019/11/24 v0.31 Utility functions of pdfTeX for LuaTeX (HO
)

(/usr/share/texlive/texmf-dist/tex/generic/infwarerr/infwarerr.sty
Package: infwarerr 2019/12/03 v1.5 Providing info/warning/error messages (HO)
)
Package pdftexcmds Info: \pdf@primitive is available.
Package pdftexcmds Info: \pdf@ifprimitive is available.
Package pdftexcmds Info: \pdfdraftmode found.
)
(/usr/share/texlive/texmf-dist/tex/generic/kvsetkeys/kvsetkeys.sty
Package: kvsetkeys 2019/12/15 v1.18 Key value parser (HO)
)
(/usr/share/texlive/texmf-dist/tex/generic/kvdefinekeys/kvdefinekeys.sty
Package: kvdefinekeys 2019-12-19 v1.6 Define keys (HO)
)
(/usr/share/texlive/texmf-dist/tex/generic/pdfescape/pdfescape.sty
Package: pdfescape 2019/12/09 v1.15 Implements pdfTeX's escape features (HO)
)
(/usr/share/texlive/texmf-dist/tex/latex/hycolor/hycolor.sty
Package: hycolor 2020-01-27 v1.10 Color options for hyperref/bookmark (HO)
)
(/usr/share/texlive/texmf-dist/tex/latex/letltxmacro/letltxmacro.sty
Package: letltxmacro 2019/12/03 v1.6 Let assignment for LaTeX macros (HO)
)
(/usr/share/texlive/texmf-dist/tex/latex/auxhook/auxhook.sty
Package: auxhook 2019-12-17 v1.6 Hooks for auxiliary files (HO)
)
(/usr/share/texlive/texmf-dist/tex/latex/kvoptions/kvoptions.sty
Package: kvoptions 2019/11/29 v3.13 Key value format for package options (HO)
)
\@linkdim=\dimen138
\Hy@linkcounter=\count178
\Hy@pagecounter=\count179

(/usr/share/texlive/texmf-dist/tex/latex/hyperref/pd1enc.def
File: pd1enc.def 2020/01/14 v7.00d Hyperref: PDFDocEncoding definition (HO)
Now handling font encoding PD1 ...
... no UTF-8 mapping file for font encoding PD1
)
(/usr/share/texlive/texmf-dist/tex/generic/intcalc/intcalc.sty
Package: intcalc 2019/12/15 v1.3 Expandable calculations with integers (HO)
)
(/usr/share/texlive/texmf-dist/tex/generic/etexcmds/etexcmds.sty
Package: etexcmds 2019/12/15 v1.7 Avoid name clashes with e-TeX commands (HO)
)
\Hy@SavedSpaceFactor=\count180
\pdfmajorversion=\count181
Package hyperref Info: Hyper figures OFF on input line 4547.
Package hyperref Info: Link nesting OFF on input line 4552.
Package hyperref Info: Hyper index ON on input line 4555.
Package hyperref Info: Plain pages OFF on input line 4562.
Package hyperref Info: Backreferencing OFF on input line 4567.
Package hyperref Info: Implicit mode ON; LaTeX internals redefined.
Package hyperref Info: Bookmarks ON on input line 4800.
\c@Hy@tempcnt=\count182
LaTeX Info: Redefining \url on input line 5159.
\XeTeXLinkMargin=\dimen139

(/usr/share/texlive/texmf-dist/tex/generic/bitset/bitset.sty
Package: bitset 2019/12/09 v1.3 Handle bit-vector datatype (HO)

(/usr/share/texlive/texmf-dist/tex/generic/bigintcalc/bigintcalc.sty
Package: bigintcalc 2019/12/15 v1.5 Expandable calculations on big integers (HO
)
))
\Fld@menulength=\count183
\Field@Width=\dimen140
\Fld@charsize=\dimen141
Package hyperref Info: Hyper figures OFF on input line 6430.
Package hyperref Info: Link nesting OFF on input line 6435.
Package hyperref Info: Hyper index ON on input line 6438.
Package hyperref Info: backreferencing OFF on input line 6445.
Package hyperref Info: Link coloring OFF on input line 6450.
Package hyperref Info: Link coloring with OCG OFF on input line 6455.
Package hyperref Info: PDF/A mode OFF on input line 6460.
LaTeX Info: Redefining \ref on input line 6500.
LaTeX Info: Redefining \pageref on input line 6504.

(/usr/share/texlive/texmf-dist/tex/generic/atbegshi/atbegshi.sty
Package: atbegshi 2019/12/05 v1.19 At begin shipout hook (HO)
)
\Hy@abspage=\count184
\c@Item=\count185
\c@Hfootnote=\count186
)
Package hyperref Info: Driver (autodetected): hpdftex.

(/usr/share/texlive/texmf-dist/tex/latex/hyperref/hpdftex.def
File: hpdftex.def 2020/01/14 v7.00d Hyperref driver for pdfTeX

(/usr/share/texlive/texmf-dist/tex/latex/atveryend/atveryend.sty
Package: atveryend 2019-12-11 v1.11 Hooks at the very end of document (HO)
Package atveryend Info: \enddocument detected (standard20110627).
)
\Fld@listcount=\count187
\c@bookmark@seq@number=\count188

(/usr/share/texlive/texmf-dist/tex/latex/rerunfilecheck/rerunfilecheck.sty
Package: rerunfilecheck 2019/12/05 v1.9 Rerun checks for auxiliary files (HO)

(/usr/share/texlive/texmf-dist/tex/generic/uniquecounter/uniquecounter.sty
Package: uniquecounter 2019/12/15 v1.4 Provide unlimited unique counter (HO)
)
Package uniquecounter Info: New unique counter `rerunfilecheck' on input line 2
86.
)
\Hy@SectionHShift=\skip49
)
(/usr/share/texlive/texmf-dist/tex/latex/xcolor/xcolor.sty
Package: xcolor 2016/05/11 v2.12 LaTeX color extensions (UK)

(/usr/share/texlive/texmf-dist/tex/latex/graphics-cfg/color.cfg
File: color.cfg 2016/01/02 v1.6 sample color configuration
)
Package xcolor Info: Driver file: pdftex.def on input line 225.
Package xcolor Info: Model `cmy' substituted by `cmy0' on input line 1348.
Package xcolor Info: Model `hsb' substituted by `rgb' on input line 1352.
Package xcolor Info: Model `RGB' extended on input line 1364.
Package xcolor Info: Model `HTML' substituted by `rgb' on input line 1366.
Package xcolor Info: Model `Hsb' substituted by `hsb' on input line 1367.
Package xcolor Info: Model `tHsb' substituted by `hsb' on input line 1368.
Package xcolor Info: Model `HSB' substituted by `hsb' on input line 1369.
Package xcolor Info: Model `Gray' substituted by `gray' on input line 1370.
Package xcolor Info: Model `wave' substituted by `hsb' on input line 1371.
)
(/usr/share/texlive/texmf-dist/tex/latex/geometry/geometry.sty
Package: geometry 2020/01/02 v5.9 Page Geometry

(/usr/share/texlive/texmf-dist/tex/generic/iftex/ifvtex.sty
Package: ifvtex 2019/10/25 v1.7 ifvtex legacy package. Use iftex instead.
)
\Gm@cnth=\count189
\Gm@cntv=\count190
\c@Gm@tempcnt=\count191
\Gm@bindingoffset=\dimen142
\Gm@wd@mp=\dimen143
\Gm@odd@mp=\dimen144
\Gm@even@mp=\dimen145
\Gm@layoutwidth=\dimen146
\Gm@layoutheight=\dimen147
\Gm@layouthoffset=\dimen148
\Gm@layoutvoffset=\dimen149
\Gm@dimlist=\toks17
)
Package hyperref Info: Option `colorlinks' set `true' on input line 20.

(/usr/share/texlive/texmf-dist/tex/latex/listings/listings.sty
\lst@mode=\count192
\lst@gtempboxa=\box45
\lst@token=\toks18
\lst@length=\count193
\lst@currlwidth=\dimen150
\lst@column=\count194
\lst@pos=\count195
\lst@lostspace=\dimen151
\lst@width=\dimen152
\lst@newlines=\count196
\lst@lineno=\count197
\lst@maxwidth=\dimen153

(/usr/share/texlive/texmf-dist/tex/latex/listings/lstmisc.sty
File: lstmisc.sty 2019/09/10 1.8c (Carsten Heinz)
\c@lstnumber=\count198
\lst@skipnumbers=\count199
\lst@framebox=\box46
)
(/usr/share/texlive/texmf-dist/tex/latex/listings/listings.cfg
File: listings.cfg 2019/09/10 1.8c listings configuration
))
Package: listings 2019/09/10 1.8c (Carsten Heinz)

(/usr/share/texlive/texmf-dist/tex/latex/listings/lstlang1.sty
File: lstlang1.sty 2019/09/10 1.8c listings language file
)
(/usr/share/texlive/texmf-dist/tex/latex/listings/lstmisc.sty
File: lstmisc.sty 2019/09/10 1.8c (Carsten Heinz)
)
(/usr/share/texlive/texmf-dist/tex/latex/amsmath/amsmath.sty
Package: amsmath 2020/01/20 v2.17e AMS math features
\@mathmargin=\skip50

For additional information on amsmath, use the `?' option.
(/usr/share/texlive/texmf-dist/tex/latex/amsmath/amstext.sty
Package: amstext 2000/06/29 v2.01 AMS text

(/usr/share/texlive/texmf-dist/tex/latex/amsmath/amsgen.sty
File: amsgen.sty 1999/11/30 v2.0 generic functions
\@emptytoks=\toks19
\ex@=\dimen154
))
(/usr/share/texlive/texmf-dist/tex/latex/amsmath/amsbsy.sty
Package: amsbsy 1999/11/29 v1.2d Bold Symbols
\pmbraise@=\dimen155
)
(/usr/share/texlive/texmf-dist/tex/latex/amsmath/amsopn.sty
Package: amsopn 2016/03/08 v2.02 operator names
)
\inf@bad=\count266
LaTeX Info: Redefining \frac on input line 227.
\uproot@=\count267
\leftroot@=\count268
LaTeX Info: Redefining \overline on input line 389.
\classnum@=\count269
\DOTSCASE@=\count270
LaTeX Info: Redefining \ldots on input line 486.
LaTeX Info: Redefining \dots on input line 489.
LaTeX Info: Redefining \cdots on input line 610.
\Mathstrutbox@=\box47
\strutbox@=\box48
\big@size=\dimen156
LaTeX Font Info:    Redeclaring font encoding OML on input line 733.
LaTeX Font Info:    Redeclaring font encoding OMS on input line 734.
\macc@depth=\count271
\c@MaxMatrixCols=\count272
\dotsspace@=\muskip17
\c@parentequation=\count273
\dspbrk@lvl=\count274
\tag@help=\toks20
\row@=\count275
\column@=\count276
\maxfields@=\count277
\andhelp@=\toks21
\eqnshift@=\dimen157
\alignsep@=\dimen158
\tagshift@=\dimen159
\tagwidth@=\dimen160
\totwidth@=\dimen161
\lineht@=\dimen162
\@envbody=\toks22
\multlinegap=\skip51
\multlinetaggap=\skip52
\mathdisplay@stack=\toks23
LaTeX Info: Redefining \[ on input line 2859.
LaTeX Info: Redefining \] on input line 2860.
)
(/usr/share/texlive/texmf-dist/tex/latex/l3backend/l3backend-pdfmode.def
File: l3backend-pdfmode.def 2020-02-03 L3 backend support: PDF mode
\l__kernel_color_stack_int=\count278
\l__pdf_internal_box=\box49
)

LaTeX Warning: Unused global option(s):
    [a4wide].

(./d-30-doc.aux

LaTeX Warning: Label `codigo:c' multiply defined.


LaTeX Warning: Label `codigo:c' multiply defined.


LaTeX Warning: Label `codigo:c' multiply defined.


LaTeX Warning: Label `codigo:c' multiply defined.


LaTeX Warning: Label `codigo:c' multiply defined.


LaTeX Warning: Label `codigo:c' multiply defined.


LaTeX Warning: Label `codigo:c' multiply defined.


LaTeX Warning: Label `fig:divisaotsv' multiply defined.


LaTeX Warning: Label `codigo:c' multiply defined.


LaTeX Warning: Label `codigo:c' multiply defined.


LaTeX Warning: Label `tab:my_label' multiply defined.


LaTeX Warning: Label `codigo:c' multiply defined.


LaTeX Warning: Label `tab:my_label' multiply defined.


LaTeX Warning: Label `codigo:c' multiply defined.


LaTeX Warning: Label `fig:divisao-tsv' multiply defined.


LaTeX Warning: Label `codigo:c' multiply defined.


LaTeX Warning: Label `fig:divisao-tsv' multiply defined.

)
\openout1 = `d-30-doc.aux'.

LaTeX Font Info:    Checking defaults for OML/cmm/m/it on input line 34.
LaTeX Font Info:    ... okay on input line 34.
LaTeX Font Info:    Checking defaults for OMS/cmsy/m/n on input line 34.
LaTeX Font Info:    ... okay on input line 34.
LaTeX Font Info:    Checking defaults for OT1/cmr/m/n on input line 34.
LaTeX Font Info:    ... okay on input line 34.
LaTeX Font Info:    Checking defaults for T1/cmr/m/n on input line 34.
LaTeX Font Info:    ... okay on input line 34.
LaTeX Font Info:    Checking defaults for TS1/cmr/m/n on input line 34.
LaTeX Font Info:    ... okay on input line 34.
LaTeX Font Info:    Checking defaults for OMX/cmex/m/n on input line 34.
LaTeX Font Info:    ... okay on input line 34.
LaTeX Font Info:    Checking defaults for U/cmr/m/n on input line 34.
LaTeX Font Info:    ... okay on input line 34.
LaTeX Font Info:    Checking defaults for PD1/pdf/m/n on input line 34.
LaTeX Font Info:    ... okay on input line 34.
 (/usr/share/texlive/texmf-dist/tex/context/base/mkii/supp-pdf.mkii
[Loading MPS to PDF converter (version 2006.09.02).]
\scratchcounter=\count279
\scratchdimen=\dimen163
\scratchbox=\box50
\nofMPsegments=\count280
\nofMParguments=\count281
\everyMPshowfont=\toks24
\MPscratchCnt=\count282
\MPscratchDim=\dimen164
\MPnumerator=\count283
\makeMPintoPDFobject=\count284
\everyMPtoPDFconversion=\toks25
) (/usr/share/texlive/texmf-dist/tex/latex/epstopdf-pkg/epstopdf-base.sty
Package: epstopdf-base 2020-01-24 v2.11 Base part for package epstopdf

(/usr/share/texlive/texmf-dist/tex/latex/grfext/grfext.sty
Package: grfext 2019/12/03 v1.3 Manage graphics extensions (HO)
)
Package epstopdf-base Info: Redefining graphics rule for `.eps' on input line 4
85.
Package grfext Info: Graphics extension search list:
(grfext)             [.pdf,.png,.jpg,.mps,.jpeg,.jbig2,.jb2,.PDF,.PNG,.JPG,.JPE
G,.JBIG2,.JB2,.eps]
(grfext)             \AppendGraphicsExtensions on input line 504.

(/usr/share/texlive/texmf-dist/tex/latex/latexconfig/epstopdf-sys.cfg
File: epstopdf-sys.cfg 2010/07/13 v1.3 Configuration of (r)epstopdf for TeX Liv
e
))
\AtBeginShipoutBox=\box51
Package hyperref Info: Link coloring ON on input line 34.

(/usr/share/texlive/texmf-dist/tex/latex/hyperref/nameref.sty
Package: nameref 2019/09/16 v2.46 Cross-referencing by name of section

(/usr/share/texlive/texmf-dist/tex/latex/refcount/refcount.sty
Package: refcount 2019/12/15 v3.6 Data extraction from label references (HO)
)
(/usr/share/texlive/texmf-dist/tex/generic/gettitlestring/gettitlestring.sty
Package: gettitlestring 2019/12/15 v1.6 Cleanup title references (HO)
)
\c@section@level=\count285
)
LaTeX Info: Redefining \ref on input line 34.
LaTeX Info: Redefining \pageref on input line 34.
LaTeX Info: Redefining \nameref on input line 34.

(./d-30-doc.out) (./d-30-doc.out)
\@outlinefile=\write3
\openout3 = `d-30-doc.out'.


*geometry* driver: auto-detecting
*geometry* detected driver: pdftex
*geometry* verbose mode - [ preamble ] result:
* driver: pdftex
* paper: a4paper
* layout: <same size as paper>
* layoutoffset:(h,v)=(0.0pt,0.0pt)
* modes: 
* h-part:(L,W,R)=(113.81102pt, 369.88583pt, 113.81102pt)
* v-part:(T,H,B)=(56.9055pt, 731.23584pt, 56.9055pt)
* \paperwidth=597.50787pt
* \paperheight=845.04684pt
* \textwidth=369.88583pt
* \textheight=731.23584pt
* \oddsidemargin=41.54103pt
* \evensidemargin=41.54103pt
* \topmargin=-52.36449pt
* \headheight=12.0pt
* \headsep=25.0pt
* \topskip=10.0pt
* \footskip=30.0pt
* \marginparwidth=65.0pt
* \marginparsep=11.0pt
* \columnsep=10.0pt
* \skip\footins=9.0pt plus 4.0pt minus 2.0pt
* \hoffset=0.0pt
* \voffset=0.0pt
* \mag=1000
* \@twocolumnfalse
* \@twosidefalse
* \@mparswitchfalse
* \@reversemarginfalse
* (1in=72.27pt=25.4mm, 1cm=28.453pt)

\c@lstlisting=\count286
<ipcatec.png, id=60, 210.7875pt x 105.39375pt>
File: ipcatec.png Graphic file (type png)
<use ipcatec.png>
Package pdftex.def Info: ipcatec.png  used on input line 38.
(pdftex.def)             Requested size: 240.42352pt x 120.21443pt.
[1

{/var/lib/texmf/fonts/map/pdftex/updmap/pdftex.map} <./ipcatec.png>]
Underfull \hbox (badness 10000) in paragraph at lines 47--59

 []


Underfull \hbox (badness 10000) in paragraph at lines 47--59

 []


Underfull \hbox (badness 10000) in paragraph at lines 47--59

 []

pdfTeX warning (ext4): destination with the same identifier (name{page.1}) has 
been already used, duplicate ignored
<to be read again> 
                   \relax 
l.59 \end{abstract}
                    [1] (./d-30-doc.toc)
\tf@toc=\write4
\openout4 = `d-30-doc.toc'.

pdfTeX warning (ext4): destination with the same identifier (name{page.1}) has 
been already used, duplicate ignored
<to be read again> 
                   \relax 
l.64 \listoffigures
                    [1

] (./d-30-doc.lof)
\tf@lof=\write5
\openout5 = `d-30-doc.lof'.

 [2

] (./d-30-doc.lot)
\tf@lot=\write6
\openout6 = `d-30-doc.lot'.

 [3

]
(./d-30-doc.lol)
\tf@lol=\write7
\openout7 = `d-30-doc.lol'.

 [4

]
Cap\'{\i }tulo 1.
<csv.png, id=170, 143.78719pt x 42.1575pt>
File: csv.png Graphic file (type png)
<use csv.png>
Package pdftex.def Info: csv.png  used on input line 80.
(pdftex.def)             Requested size: 110.96687pt x 32.53598pt.
<tsv.png, id=171, 192.72pt x 44.41594pt>
File: tsv.png Graphic file (type png)
<use tsv.png>
Package pdftex.def Info: tsv.png  used on input line 82.
(pdftex.def)             Requested size: 110.96687pt x 25.57419pt.
[5

 <./csv.png> <./tsv.png>]
Cap\'{\i }tulo 2.

Package hyperref Warning: Difference (2) between bookmark levels is greater 
(hyperref)                than one, level fixed on input line 94.

Package hyperref Info: bookmark level for unknown lstlisting defaults to 0 on i
nput line 96.

Overfull \hbox (3.72586pt too wide) in paragraph at lines 104--105
[][][][][][][][][][][][][][][][][][][][][][][][][][][][] 
 []


Underfull \hbox (badness 10000) in paragraph at lines 108--120

 []

[6

] [7]
Overfull \hbox (16.67357pt too wide) in paragraph at lines 217--218
[][][][][][][][][][][][][][][][][] 
 []

[8]

LaTeX Warning: Citation `stackoverflow_sort_structs' on page 9 undefined on inp
ut line 253.


LaTeX Warning: Citation `stackoverflow_sort_strings' on page 9 undefined on inp
ut line 254.

<main.c.png, id=295, 308.65312pt x 161.10187pt>
File: main.c.png Graphic file (type png)
<use main.c.png>
Package pdftex.def Info: main.c.png  used on input line 257.
(pdftex.def)             Requested size: 295.90979pt x 154.46182pt.

LaTeX Warning: Citation `doxygen_manual' on page 9 undefined on input line 260.



Underfull \hbox (badness 10000) in paragraph at lines 265--267

 []


LaTeX Warning: Citation `geeksforgeeks_structures' on page 9 undefined on input
 line 275.

[9 <./main.c.png>]
Underfull \hbox (badness 10000) in paragraph at lines 277--279

 []


LaTeX Warning: Citation `geeksforgeeks_structures' on page 10 undefined on inpu
t line 291.


Underfull \hbox (badness 10000) in paragraph at lines 293--295

 []


LaTeX Warning: Citation `geeksforgeeks_structures' on page 10 undefined on inpu
t line 307.

<struct.h.png, id=329, 419.31656pt x 204.01219pt>
File: struct.h.png Graphic file (type png)
<use struct.h.png>
Package pdftex.def Info: struct.h.png  used on input line 311.
(pdftex.def)             Requested size: 295.90979pt x 143.96869pt.
[10 <./struct.h.png>]
<tsv.h.png, id=357, 501.37312pt x 225.84375pt>
File: tsv.h.png Graphic file (type png)
<use tsv.h.png>
Package pdftex.def Info: tsv.h.png  used on input line 340.
(pdftex.def)             Requested size: 295.90979pt x 133.29834pt.

Underfull \hbox (badness 10000) in paragraph at lines 333--344

 []


Underfull \hbox (badness 10000) in paragraph at lines 333--344

 []


Underfull \hbox (badness 10000) in paragraph at lines 333--344

 []


Underfull \hbox (badness 10000) in paragraph at lines 346--348

 []


Underfull \hbox (badness 10000) in paragraph at lines 349--359

 []


LaTeX Warning: `h' float specifier changed to `ht'.

[11 <./tsv.h.png>] [12]
Underfull \hbox (badness 10000) in paragraph at lines 421--436

 []

[13] [14]
<tsc.c.png, id=518, 258.9675pt x 176.91093pt>
File: tsc.c.png Graphic file (type png)
<use tsc.c.png>
Package pdftex.def Info: tsc.c.png  used on input line 590.
(pdftex.def)             Requested size: 184.94292pt x 126.34727pt.
 [15]
Underfull \hbox (badness 10000) in paragraph at lines 596--607

 []

[16 <./tsc.c.png>]

LaTeX Warning: Citation `stackoverflow_binary_files' on page 17 undefined on in
put line 667.

(/usr/share/texlive/texmf-dist/tex/latex/listings/lstlang1.sty
File: lstlang1.sty 2019/09/10 1.8c listings language file
)
(/usr/share/texlive/texmf-dist/tex/latex/listings/lstlang2.sty
File: lstlang2.sty 2019/09/10 1.8c listings language file
)
(/usr/share/texlive/texmf-dist/tex/latex/listings/lstmisc.sty
File: lstmisc.sty 2019/09/10 1.8c (Carsten Heinz)
)
Underfull \hbox (badness 10000) in paragraph at lines 669--671

 []

[17]
Cap\'{\i }tulo 3.

Underfull \hbox (badness 10000) in paragraph at lines 692--700

 []


Underfull \hbox (badness 10000) in paragraph at lines 692--700

 []


Underfull \hbox (badness 10000) in paragraph at lines 701--709

 []


Underfull \hbox (badness 10000) in paragraph at lines 701--709

 []


Underfull \hbox (badness 10000) in paragraph at lines 701--709

 []

[18

]
Cap\'{\i }tulo 4.
<csvexe.png, id=663, 333.245pt x 20.075pt>
File: csvexe.png Graphic file (type png)
<use csvexe.png>
Package pdftex.def Info: csvexe.png  used on input line 713.
(pdftex.def)             Requested size: 184.94292pt x 11.14143pt.
<tsvexe.png, id=664, 332.24126pt x 23.08624pt>
File: tsvexe.png Graphic file (type png)
<use tsvexe.png>
Package pdftex.def Info: tsvexe.png  used on input line 721.
(pdftex.def)             Requested size: 184.94292pt x 12.85104pt.
<csvbinexe.png, id=665, 362.35374pt x 23.08624pt>
File: csvbinexe.png Graphic file (type png)
<use csvbinexe.png>
Package pdftex.def Info: csvbinexe.png  used on input line 729.
(pdftex.def)             Requested size: 184.94292pt x 11.78333pt.
<tsvbinexe.png, id=666, 392.46625pt x 23.08624pt>
File: tsvbinexe.png Graphic file (type png)
<use tsvbinexe.png>
Package pdftex.def Info: tsvbinexe.png  used on input line 737.
(pdftex.def)             Requested size: 184.94292pt x 10.87906pt.

Underfull \hbox (badness 10000) in paragraph at lines 710--742

 []

[19

 <./csvexe.png> <./tsvexe.png> <./csvbinexe.png> <./tsvbinexe.png>]
Cap\'{\i }tulo 5.
No file d-30-doc.bbl.
Package atveryend Info: Empty hook `BeforeClearDocument' on input line 757.

Underfull \hbox (badness 10000) in paragraph at lines 743--757

 []


Underfull \hbox (badness 10000) in paragraph at lines 743--757

 []


Underfull \hbox (badness 10000) in paragraph at lines 743--757

 []


Underfull \hbox (badness 10000) in paragraph at lines 743--757

 []

[20

]
Package atveryend Info: Empty hook `AfterLastShipout' on input line 757.
 (./d-30-doc.aux)
Package atveryend Info: Executing hook `AtVeryEndDocument' on input line 757.
Package atveryend Info: Executing hook `AtEndAfterFileList' on input line 757.
Package rerunfilecheck Info: File `d-30-doc.out' has not changed.
(rerunfilecheck)             Checksum: 03DA106CB289BD6E561DBA5916FAA720;909.


LaTeX Warning: There were undefined references.


LaTeX Warning: There were multiply-defined labels.

Package atveryend Info: Empty hook `AtVeryVeryEnd' on input line 757.
 ) 
Here is how much of TeX's memory you used:
 10102 strings out of 483163
 144579 string characters out of 5965510
 756571 words of memory out of 5000000
 24452 multiletter control sequences out of 15000+600000
 549090 words of font info for 58 fonts, out of 8000000 for 9000
 16 hyphenation exceptions out of 8191
 34i,9n,53p,651b,1938s stack positions out of 5000i,500n,10000p,200000b,80000s
 </home/hugoc/.texlive2019/texmf-var/fonts/pk/ljfour/jknappen/ec/tcrm0900.600
pk> </home/hugoc/.texlive2019/texmf-var/fonts/pk/ljfour/jknappen/ec/ecrm0900.60
0pk> </home/hugoc/.texlive2019/texmf-var/fonts/pk/ljfour/jknappen/ec/ecbx0900.6
00pk> </home/hugoc/.texlive2019/texmf-var/fonts/pk/ljfour/jknappen/ec/ecbx1200.
600pk> </home/hugoc/.texlive2019/texmf-var/fonts/pk/ljfour/jknappen/ec/ecbx1440
.600pk> </home/hugoc/.texlive2019/texmf-var/fonts/pk/ljfour/jknappen/ec/ecbx207
4.600pk> </home/hugoc/.texlive2019/texmf-var/fonts/pk/ljfour/jknappen/ec/ecbx24
88.600pk> </home/hugoc/.texlive2019/texmf-var/fonts/pk/ljfour/jknappen/ec/ecbi1
000.600pk> </home/hugoc/.texlive2019/texmf-var/fonts/pk/ljfour/jknappen/ec/ecrm
1000.600pk> </home/hugoc/.texlive2019/texmf-var/fonts/pk/ljfour/jknappen/ec/ecb
x1000.600pk> </home/hugoc/.texlive2019/texmf-var/fonts/pk/ljfour/jknappen/ec/ec
rm1200.600pk> </home/hugoc/.texlive2019/texmf-var/fonts/pk/ljfour/jknappen/ec/e
crm1728.600pk></usr/share/texlive/texmf-dist/fonts/type1/public/amsfonts/cm/cms
y9.pfb></usr/share/texlive/texmf-dist/fonts/type1/public/amsfonts/latxfont/lcir
cle1.pfb>
Output written on d-30-doc.pdf (22 pages, 246272 bytes).
PDF statistics:
 1216 PDF objects out of 1440 (max. 8388607)
 770 compressed objects within 8 object streams
 476 named destinations out of 1000 (max. 500000)
 168 words of extra memory for PDF output out of 10000 (max. 10000000)

